C:\USERS\THINKPAD\DOWNLOADS\COCOS2D-2.1BETA3-X-2.1.1\COCOSDENSHION\PROJ.WIN32\DEBUG.WIN32\MCIPLAYER.OBJ
C:\USERS\THINKPAD\DOWNLOADS\COCOS2D-2.1BETA3-X-2.1.1\COCOSDENSHION\PROJ.WIN32\DEBUG.WIN32\SIMPLEAUDIOENGINE.OBJ
C:\USERS\THINKPAD\DOWNLOADS\COCOS2D-2.1BETA3-X-2.1.1\COCOSDENSHION\PROJ.WIN32\DEBUG.WIN32\VC110.PDB
C:\Users\thinkpad\Downloads\cocos2d-2.1beta3-x-2.1.1\Debug.win32\libCocosDenshion.lib
C:\Users\thinkpad\Downloads\cocos2d-2.1beta3-x-2.1.1\Debug.win32\libCocosDenshion.exp
C:\USERS\THINKPAD\DOWNLOADS\COCOS2D-2.1BETA3-X-2.1.1\DEBUG.WIN32\LIBCOCOSDENSHION.DLL
C:\USERS\THINKPAD\DOWNLOADS\COCOS2D-2.1BETA3-X-2.1.1\DEBUG.WIN32\LIBCOCOSDENSHION.PDB
C:\Users\thinkpad\Downloads\cocos2d-2.1beta3-x-2.1.1\CocosDenshion\proj.win32\Debug.win32\MciPlayer.obj
C:\Users\thinkpad\Downloads\cocos2d-2.1beta3-x-2.1.1\CocosDenshion\proj.win32\Debug.win32\SimpleAudioEngine.obj
C:\Users\thinkpad\Downloads\cocos2d-2.1beta3-x-2.1.1\CocosDenshion\proj.win32\Debug.win32\cl.command.1.tlog
C:\Users\thinkpad\Downloads\cocos2d-2.1beta3-x-2.1.1\CocosDenshion\proj.win32\Debug.win32\CL.read.1.tlog
C:\Users\thinkpad\Downloads\cocos2d-2.1beta3-x-2.1.1\CocosDenshion\proj.win32\Debug.win32\CL.write.1.tlog
C:\Users\thinkpad\Downloads\cocos2d-2.1beta3-x-2.1.1\CocosDenshion\proj.win32\Debug.win32\libCocosDenshion.write.1.tlog
C:\Users\thinkpad\Downloads\cocos2d-2.1beta3-x-2.1.1\CocosDenshion\proj.win32\Debug.win32\link-cvtres.read.1.tlog
C:\Users\thinkpad\Downloads\cocos2d-2.1beta3-x-2.1.1\CocosDenshion\proj.win32\Debug.win32\link-cvtres.write.1.tlog
C:\Users\thinkpad\Downloads\cocos2d-2.1beta3-x-2.1.1\CocosDenshion\proj.win32\Debug.win32\link-rc.read.1.tlog
C:\Users\thinkpad\Downloads\cocos2d-2.1beta3-x-2.1.1\CocosDenshion\proj.win32\Debug.win32\link-rc.write.1.tlog
C:\Users\thinkpad\Downloads\cocos2d-2.1beta3-x-2.1.1\CocosDenshion\proj.win32\Debug.win32\link.command.1.tlog
C:\Users\thinkpad\Downloads\cocos2d-2.1beta3-x-2.1.1\CocosDenshion\proj.win32\Debug.win32\link.read.1.tlog
C:\Users\thinkpad\Downloads\cocos2d-2.1beta3-x-2.1.1\CocosDenshion\proj.win32\Debug.win32\link.write.1.tlog
C:\Users\thinkpad\Downloads\cocos2d-2.1beta3-x-2.1.1\CocosDenshion\proj.win32\Debug.win32\vc110.idb
C:\Users\thinkpad\Downloads\cocos2d-2.1beta3-x-2.1.1\CocosDenshion\proj.win32\Debug.win32\vc110.pdb
C:\Users\thinkpad\Downloads\cocos2d-2.1beta3-x-2.1.1\Debug.win32\libCocosDenshion.pdb
C:\Users\thinkpad\Downloads\cocos2d-2.1beta3-x-2.1.1\Debug.win32\libCocosDenshion.dll
